<?xml version="1.0" encoding="UTF-8"?>
<!-- Generated by org.testng.reporters.JUnitReportReporter -->
<testsuite hostname="Zebronics" failures="0" tests="1" name="testcases.Scrshot" time="10.105" errors="0" timestamp="2024-09-07T07:08:27 IST" skipped="0">
  <testcase classname="testcases.Scrshot" name="srshot" time="10.105"/>
</testsuite> <!-- testcases.Scrshot -->
